This is pdfTeX, Version 3.14159265-2.6-1.40.20 (MiKTeX 2.9.7140 64-bit) (preloaded format=pdflatex 2019.9.17)  12 NOV 2019 15:04
entering extended mode
**"./Reporte final.tex"
("Reporte final.tex"
LaTeX2e <2018-12-01>
("C:\Users\juanm\AppData\Local\Programs\MiKTeX 2.9\tex/latex/base\article.cls"
Document Class: article 2018/09/03 v1.4i Standard LaTeX document class
("C:\Users\juanm\AppData\Local\Programs\MiKTeX 2.9\tex/latex/base\size12.clo"
File: size12.clo 2018/09/03 v1.4i Standard LaTeX file (size option)
)
\c@part=\count80
\c@section=\count81
\c@subsection=\count82
\c@subsubsection=\count83
\c@paragraph=\count84
\c@subparagraph=\count85
\c@figure=\count86
\c@table=\count87
\abovecaptionskip=\skip41
\belowcaptionskip=\skip42
\bibindent=\dimen102
) ("C:\Users\juanm\AppData\Local\Programs\MiKTeX 2.9\tex/latex/base\inputenc.st
y"
Package: inputenc 2018/08/11 v1.3c Input encoding file
\inpenc@prehook=\toks14
\inpenc@posthook=\toks15
 ("C:\Users\juanm\AppData\Local\Programs\MiKTeX 2.9\tex/latex/base\latin1.def"
File: latin1.def 2018/08/11 v1.3c Input encoding file
))
("C:\Users\juanm\AppData\Local\Programs\MiKTeX 2.9\tex/generic/babel\babel.sty"
Package: babel 2019/07/19 3.33 The Babel package
("C:\Users\juanm\AppData\Local\Programs\MiKTeX 2.9\tex/generic/babel\switch.def
"
File: switch.def 2019/07/19 3.33 Babel switching mechanism
)
*************************************
* Local config file bblopts.cfg used
*
("C:\Users\juanm\AppData\Local\Programs\MiKTeX 2.9\tex/latex/arabi\bblopts.cfg"
File: bblopts.cfg 2005/09/08 v0.1 add Arabic and Farsi to "declared" options of
 babel
)
("C:\Users\juanm\AppData\Local\Programs\MiKTeX 2.9\tex/latex/babel-spanish\span
ish.ldf"
Language: spanish.ldf 2016/03/03 v5.0p Spanish support from the babel system

("C:\Users\juanm\AppData\Local\Programs\MiKTeX 2.9\tex/generic/babel\babel.def"
File: babel.def 2019/07/19 3.33 Babel common definitions
\babel@savecnt=\count88
\U@D=\dimen103

("C:\Users\juanm\AppData\Local\Programs\MiKTeX 2.9\tex/generic/babel\txtbabel.d
ef")
\bbl@dirlevel=\count89
)
\es@quottoks=\toks16
\es@quotdepth=\count90
Package babel Info: Making " an active character on input line 561.
Package babel Info: Making . an active character on input line 662.
Package babel Info: Making < an active character on input line 707.
Package babel Info: Making > an active character on input line 707.
))
("C:\Users\juanm\AppData\Local\Programs\MiKTeX 2.9\tex/latex/amsmath\amsmath.st
y"
Package: amsmath 2018/12/01 v2.17b AMS math features
\@mathmargin=\skip43

For additional information on amsmath, use the `?' option.

("C:\Users\juanm\AppData\Local\Programs\MiKTeX 2.9\tex/latex/amsmath\amstext.st
y"
Package: amstext 2000/06/29 v2.01 AMS text

("C:\Users\juanm\AppData\Local\Programs\MiKTeX 2.9\tex/latex/amsmath\amsgen.sty
"
File: amsgen.sty 1999/11/30 v2.0 generic functions
\@emptytoks=\toks17
\ex@=\dimen104
))
("C:\Users\juanm\AppData\Local\Programs\MiKTeX 2.9\tex/latex/amsmath\amsbsy.sty
"
Package: amsbsy 1999/11/29 v1.2d Bold Symbols
\pmbraise@=\dimen105
)
("C:\Users\juanm\AppData\Local\Programs\MiKTeX 2.9\tex/latex/amsmath\amsopn.sty
"
Package: amsopn 2016/03/08 v2.02 operator names
)
\inf@bad=\count91
LaTeX Info: Redefining \frac on input line 223.
\uproot@=\count92
\leftroot@=\count93
LaTeX Info: Redefining \overline on input line 385.
\classnum@=\count94
\DOTSCASE@=\count95
LaTeX Info: Redefining \ldots on input line 482.
LaTeX Info: Redefining \dots on input line 485.
LaTeX Info: Redefining \cdots on input line 606.
\Mathstrutbox@=\box27
\strutbox@=\box28
\big@size=\dimen106
LaTeX Font Info:    Redeclaring font encoding OML on input line 729.
LaTeX Font Info:    Redeclaring font encoding OMS on input line 730.
\macc@depth=\count96
\c@MaxMatrixCols=\count97
\dotsspace@=\muskip10
\c@parentequation=\count98
\dspbrk@lvl=\count99
\tag@help=\toks18
\row@=\count100
\column@=\count101
\maxfields@=\count102
\andhelp@=\toks19
\eqnshift@=\dimen107
\alignsep@=\dimen108
\tagshift@=\dimen109
\tagwidth@=\dimen110
\totwidth@=\dimen111
\lineht@=\dimen112
\@envbody=\toks20
\multlinegap=\skip44
\multlinetaggap=\skip45
\mathdisplay@stack=\toks21
LaTeX Info: Redefining \[ on input line 2844.
LaTeX Info: Redefining \] on input line 2845.
)
("C:\Users\juanm\AppData\Local\Programs\MiKTeX 2.9\tex/latex/amsfonts\amsfonts.
sty"
Package: amsfonts 2013/01/14 v3.01 Basic AMSFonts support
\symAMSa=\mathgroup4
\symAMSb=\mathgroup5
LaTeX Font Info:    Overwriting math alphabet `\mathfrak' in version `bold'
(Font)                  U/euf/m/n --> U/euf/b/n on input line 106.
)
("C:\Users\juanm\AppData\Local\Programs\MiKTeX 2.9\tex/latex/amsfonts\amssymb.s
ty"
Package: amssymb 2013/01/14 v3.01 AMS font symbols
)
("C:\Users\juanm\AppData\Local\Programs\MiKTeX 2.9\tex/latex/graphics\graphicx.
sty"
Package: graphicx 2017/06/01 v1.1a Enhanced LaTeX Graphics (DPC,SPQR)

("C:\Users\juanm\AppData\Local\Programs\MiKTeX 2.9\tex/latex/graphics\keyval.st
y"
Package: keyval 2014/10/28 v1.15 key=value parser (DPC)
\KV@toks@=\toks22
)
("C:\Users\juanm\AppData\Local\Programs\MiKTeX 2.9\tex/latex/graphics\graphics.
sty"
Package: graphics 2017/06/25 v1.2c Standard LaTeX Graphics (DPC,SPQR)

("C:\Users\juanm\AppData\Local\Programs\MiKTeX 2.9\tex/latex/graphics\trig.sty"
Package: trig 2016/01/03 v1.10 sin cos tan (DPC)
)
("C:\Users\juanm\AppData\Local\Programs\MiKTeX 2.9\tex/latex/graphics-cfg\graph
ics.cfg"
File: graphics.cfg 2016/06/04 v1.11 sample graphics configuration
)
Package graphics Info: Driver file: pdftex.def on input line 99.

("C:\Users\juanm\AppData\Local\Programs\MiKTeX 2.9\tex/latex/graphics-def\pdfte
x.def"
File: pdftex.def 2018/01/08 v1.0l Graphics/color driver for pdftex
))
\Gin@req@height=\dimen113
\Gin@req@width=\dimen114
)
("C:\Users\juanm\AppData\Local\Programs\MiKTeX 2.9\tex/latex/geometry\geometry.
sty"
Package: geometry 2018/04/16 v5.8 Page Geometry

("C:\Users\juanm\AppData\Local\Programs\MiKTeX 2.9\tex/generic/oberdiek\ifpdf.s
ty"
Package: ifpdf 2018/09/07 v3.3 Provides the ifpdf switch
)
("C:\Users\juanm\AppData\Local\Programs\MiKTeX 2.9\tex/generic/oberdiek\ifvtex.
sty"
Package: ifvtex 2016/05/16 v1.6 Detect VTeX and its facilities (HO)
Package ifvtex Info: VTeX not detected.
)
("C:\Users\juanm\AppData\Local\Programs\MiKTeX 2.9\tex/generic/ifxetex\ifxetex.
sty"
Package: ifxetex 2010/09/12 v0.6 Provides ifxetex conditional
)
\Gm@cnth=\count103
\Gm@cntv=\count104
\c@Gm@tempcnt=\count105
\Gm@bindingoffset=\dimen115
\Gm@wd@mp=\dimen116
\Gm@odd@mp=\dimen117
\Gm@even@mp=\dimen118
\Gm@layoutwidth=\dimen119
\Gm@layoutheight=\dimen120
\Gm@layouthoffset=\dimen121
\Gm@layoutvoffset=\dimen122
\Gm@dimlist=\toks23

("C:\Users\juanm\AppData\Local\Programs\MiKTeX 2.9\tex/latex/geometry\geometry.
cfg")) ("Reporte final.aux"
LaTeX Info: Redefining \. on input line 6.
LaTeX Info: Redefining \% on input line 6.
)
\openout1 = `"Reporte final.aux"'.

LaTeX Font Info:    Checking defaults for OML/cmm/m/it on input line 11.
LaTeX Font Info:    ... okay on input line 11.
LaTeX Font Info:    Checking defaults for T1/cmr/m/n on input line 11.
LaTeX Font Info:    ... okay on input line 11.
LaTeX Font Info:    Checking defaults for OT1/cmr/m/n on input line 11.
LaTeX Font Info:    ... okay on input line 11.
LaTeX Font Info:    Checking defaults for OMS/cmsy/m/n on input line 11.
LaTeX Font Info:    ... okay on input line 11.
LaTeX Font Info:    Checking defaults for OMX/cmex/m/n on input line 11.
LaTeX Font Info:    ... okay on input line 11.
LaTeX Font Info:    Checking defaults for U/cmr/m/n on input line 11.
LaTeX Font Info:    ... okay on input line 11.
LaTeX Info: Redefining \. on input line 11.
LaTeX Info: Redefining \% on input line 11.

("C:\Users\juanm\AppData\Local\Programs\MiKTeX 2.9\tex/context/base/mkii\supp-p
df.mkii"
[Loading MPS to PDF converter (version 2006.09.02).]
\scratchcounter=\count106
\scratchdimen=\dimen123
\scratchbox=\box29
\nofMPsegments=\count107
\nofMParguments=\count108
\everyMPshowfont=\toks24
\MPscratchCnt=\count109
\MPscratchDim=\dimen124
\MPnumerator=\count110
\makeMPintoPDFobject=\count111
\everyMPtoPDFconversion=\toks25
)
("C:\Users\juanm\AppData\Local\Programs\MiKTeX 2.9\tex/latex/oberdiek\epstopdf-
base.sty"
Package: epstopdf-base 2016/05/15 v2.6 Base part for package epstopdf

("C:\Users\juanm\AppData\Local\Programs\MiKTeX 2.9\tex/generic/oberdiek\infware
rr.sty"
Package: infwarerr 2016/05/16 v1.4 Providing info/warning/error messages (HO)
)
("C:\Users\juanm\AppData\Local\Programs\MiKTeX 2.9\tex/latex/oberdiek\grfext.st
y"
Package: grfext 2016/05/16 v1.2 Manage graphics extensions (HO)

("C:\Users\juanm\AppData\Local\Programs\MiKTeX 2.9\tex/generic/oberdiek\kvdefin
ekeys.sty"
Package: kvdefinekeys 2016/05/16 v1.4 Define keys (HO)

("C:\Users\juanm\AppData\Local\Programs\MiKTeX 2.9\tex/generic/oberdiek\ltxcmds
.sty"
Package: ltxcmds 2016/05/16 v1.23 LaTeX kernel commands for general use (HO)
)))
("C:\Users\juanm\AppData\Local\Programs\MiKTeX 2.9\tex/latex/oberdiek\kvoptions
.sty"
Package: kvoptions 2016/05/16 v3.12 Key value format for package options (HO)

("C:\Users\juanm\AppData\Local\Programs\MiKTeX 2.9\tex/generic/oberdiek\kvsetke
ys.sty"
Package: kvsetkeys 2016/05/16 v1.17 Key value parser (HO)

("C:\Users\juanm\AppData\Local\Programs\MiKTeX 2.9\tex/generic/oberdiek\etexcmd
s.sty"
Package: etexcmds 2016/05/16 v1.6 Avoid name clashes with e-TeX commands (HO)

("C:\Users\juanm\AppData\Local\Programs\MiKTeX 2.9\tex/generic/oberdiek\ifluate
x.sty"
Package: ifluatex 2016/05/16 v1.4 Provides the ifluatex switch (HO)
Package ifluatex Info: LuaTeX not detected.
))))
("C:\Users\juanm\AppData\Local\Programs\MiKTeX 2.9\tex/generic/oberdiek\pdftexc
mds.sty"
Package: pdftexcmds 2019/07/25 v0.30 Utility functions of pdfTeX for LuaTeX (HO
)
Package pdftexcmds Info: LuaTeX not detected.
Package pdftexcmds Info: \pdf@primitive is available.
Package pdftexcmds Info: \pdf@ifprimitive is available.
Package pdftexcmds Info: \pdfdraftmode found.
)
Package epstopdf-base Info: Redefining graphics rule for `.eps' on input line 4
38.
Package grfext Info: Graphics extension search list:
(grfext)             [.pdf,.png,.jpg,.mps,.jpeg,.jbig2,.jb2,.PDF,.PNG,.JPG,.JPE
G,.JBIG2,.JB2,.eps]
(grfext)             \AppendGraphicsExtensions on input line 456.
)
*geometry* driver: auto-detecting
*geometry* detected driver: pdftex
*geometry* verbose mode - [ preamble ] result:
* driver: pdftex
* paper: letterpaper
* layout: <same size as paper>
* layoutoffset:(h,v)=(0.0pt,0.0pt)
* modes: 
* h-part:(L,W,R)=(113.81102pt, 415.12572pt, 85.35826pt)
* v-part:(T,H,B)=(113.81102pt, 595.8007pt, 85.35826pt)
* \paperwidth=614.295pt
* \paperheight=794.96999pt
* \textwidth=415.12572pt
* \textheight=595.8007pt
* \oddsidemargin=41.54103pt
* \evensidemargin=41.54103pt
* \topmargin=4.54103pt
* \headheight=12.0pt
* \headsep=25.0pt
* \topskip=12.0pt
* \footskip=30.0pt
* \marginparwidth=44.0pt
* \marginparsep=10.0pt
* \columnsep=10.0pt
* \skip\footins=10.8pt plus 4.0pt minus 2.0pt
* \hoffset=0.0pt
* \voffset=0.0pt
* \mag=1000
* \@twocolumnfalse
* \@twosidefalse
* \@mparswitchfalse
* \@reversemarginfalse
* (1in=72.27pt=25.4mm, 1cm=28.453pt)

LaTeX Font Info:    Try loading font information for U+msa on input line 12.
("C:\Users\juanm\AppData\Local\Programs\MiKTeX 2.9\tex/latex/amsfonts\umsa.fd"
File: umsa.fd 2013/01/14 v3.01 AMS symbols A
)
LaTeX Font Info:    Try loading font information for U+msb on input line 12.
("C:\Users\juanm\AppData\Local\Programs\MiKTeX 2.9\tex/latex/amsfonts\umsb.fd"
File: umsb.fd 2013/01/14 v3.01 AMS symbols B
)
<../../../Pictures/UPZMG_Prueba_1b.png, id=1, 221.1462pt x 240.9pt>
File: ../../../Pictures/UPZMG_Prueba_1b.png Graphic file (type png)
<use ../../../Pictures/UPZMG_Prueba_1b.png>
Package pdftex.def Info: ../../../Pictures/UPZMG_Prueba_1b.png  used on input l
ine 16.
(pdftex.def)             Requested size: 176.91719pt x 192.72025pt.
[1

{C:/Users/juanm/AppData/Local/MiKTeX/2.9/pdftex/config/pdftex.map}] [2 <../../.
./Pictures/UPZMG_Prueba_1b.png>] [3

]
<../../../Pictures/cartesian.jpg, id=18, 352.9185pt x 268.00125pt>
File: ../../../Pictures/cartesian.jpg Graphic file (type jpg)
<use ../../../Pictures/cartesian.jpg>
Package pdftex.def Info: ../../../Pictures/cartesian.jpg  used on input line 42
.
(pdftex.def)             Requested size: 176.45882pt x 134.00029pt.
<../../../Pictures/Esferico.jpg, id=19, 225.84375pt x 175.65625pt>
File: ../../../Pictures/Esferico.jpg Graphic file (type jpg)
<use ../../../Pictures/Esferico.jpg>
Package pdftex.def Info: ../../../Pictures/Esferico.jpg  used on input line 53.

(pdftex.def)             Requested size: 112.92159pt x 87.8279pt.


LaTeX Warning: `h' float specifier changed to `ht'.

[4

 <../../../Pictures/cartesian.jpg>]
<../../../Pictures/articulado.jpg, id=23, 401.5pt x 401.5pt>
File: ../../../Pictures/articulado.jpg Graphic file (type jpg)
<use ../../../Pictures/articulado.jpg>
Package pdftex.def Info: ../../../Pictures/articulado.jpg  used on input line 6
3.
(pdftex.def)             Requested size: 80.29857pt x 80.29857pt.
<../../../Pictures/cilindrico.png, id=24, 320.19624pt x 206.7725pt>
File: ../../../Pictures/cilindrico.png Graphic file (type png)
<use ../../../Pictures/cilindrico.png>
Package pdftex.def Info: ../../../Pictures/cilindrico.png  used on input line 7
2.
(pdftex.def)             Requested size: 96.0596pt x 62.03223pt.
 [5 <../../../Pictures/Esferico.jpg> <../../../Pictures/articulado.jpg> <../../
../Pictures/cilindrico.png>]
<../../../Pictures/scara1.png, id=29, 377.61075pt x 355.92975pt>
File: ../../../Pictures/scara1.png Graphic file (type png)
<use ../../../Pictures/scara1.png>
Package pdftex.def Info: ../../../Pictures/scara1.png  used on input line 82.
(pdftex.def)             Requested size: 113.28409pt x 106.77974pt.
 [6 <../../../Pictures/scara1.png>]
<../../../Pictures/Esferico2.png, id=35, 602.25pt x 448.67625pt>
File: ../../../Pictures/Esferico2.png Graphic file (type png)
<use ../../../Pictures/Esferico2.png>
Package pdftex.def Info: ../../../Pictures/Esferico2.png  used on input line 11
1.
(pdftex.def)             Requested size: 120.44786pt x 89.73366pt.
 [7] [8 <../../../Pictures/Esferico2.png (PNG copy)>]
<../../../Pictures/Cronograma.PNG, id=43, 860.46469pt x 341.02406pt>
File: ../../../Pictures/Cronograma.PNG Graphic file (type png)
<use ../../../Pictures/Cronograma.PNG>
Package pdftex.def Info: ../../../Pictures/Cronograma.PNG  used on input line 1
21.
(pdftex.def)             Requested size: 387.20554pt x 153.4594pt.

[9

 <../../../Pictures/Cronograma.PNG>] [10

]
<../../../Pictures/Proyecto/Base.PNG, id=51, 196.48407pt x 130.23656pt>
File: ../../../Pictures/Proyecto/Base.PNG Graphic file (type png)
<use ../../../Pictures/Proyecto/Base.PNG>
Package pdftex.def Info: ../../../Pictures/Proyecto/Base.PNG  used on input lin
e 148.
(pdftex.def)             Requested size: 98.24179pt x 65.11812pt.
<../../../Pictures/Proyecto/Base1.PNG, id=52, 389.95688pt x 216.81pt>
File: ../../../Pictures/Proyecto/Base1.PNG Graphic file (type png)
<use ../../../Pictures/Proyecto/Base1.PNG>
Package pdftex.def Info: ../../../Pictures/Proyecto/Base1.PNG  used on input li
ne 149.
(pdftex.def)             Requested size: 155.97998pt x 86.72246pt.

Underfull \hbox (badness 10000) in paragraph at lines 153--154

 []

<../../../Pictures/Proyecto/Base2.PNG, id=53, 600.74437pt x 226.59656pt>
File: ../../../Pictures/Proyecto/Base2.PNG Graphic file (type png)
<use ../../../Pictures/Proyecto/Base2.PNG>
Package pdftex.def Info: ../../../Pictures/Proyecto/Base2.PNG  used on input li
ne 157.
(pdftex.def)             Requested size: 180.2247pt x 67.97948pt.
<../../../Pictures/Proyecto/Plato.PNG, id=54, 310.91156pt x 193.47281pt>
File: ../../../Pictures/Proyecto/Plato.PNG Graphic file (type png)
<use ../../../Pictures/Proyecto/Plato.PNG>
Package pdftex.def Info: ../../../Pictures/Proyecto/Plato.PNG  used on input li
ne 158.
(pdftex.def)             Requested size: 124.36241pt x 77.38774pt.
<../../../Pictures/Proyecto/Eslabon1.PNG, id=55, 157.33781pt x 286.82156pt>
File: ../../../Pictures/Proyecto/Eslabon1.PNG Graphic file (type png)
<use ../../../Pictures/Proyecto/Eslabon1.PNG>
Package pdftex.def Info: ../../../Pictures/Proyecto/Eslabon1.PNG  used on input
 line 165.
(pdftex.def)             Requested size: 78.6687pt x 143.41042pt.
[11 <../../../Pictures/Proyecto/Base.PNG> <../../../Pictures/Proyecto/Base1.PNG
> <../../../Pictures/Proyecto/Base2.PNG> <../../../Pictures/Proyecto/Plato.PNG>
]
Underfull \hbox (badness 10000) in paragraph at lines 169--170

 []

<../../../Pictures/Proyecto/Isometrico.PNG, id=63, 946.28531pt x 471.26062pt>
File: ../../../Pictures/Proyecto/Isometrico.PNG Graphic file (type png)
<use ../../../Pictures/Proyecto/Isometrico.PNG>
Package pdftex.def Info: ../../../Pictures/Proyecto/Isometrico.PNG  used on inp
ut line 173.
(pdftex.def)             Requested size: 378.50742pt x 188.5009pt.

LaTeX Warning: `h' float specifier changed to `ht'.

[12 <../../../Pictures/Proyecto/Eslabon1.PNG>]
<../../../Pictures/Proyecto/fma.jpg, id=68, 293.095pt x 172.645pt>
File: ../../../Pictures/Proyecto/fma.jpg Graphic file (type jpg)
<use ../../../Pictures/Proyecto/fma.jpg>
Package pdftex.def Info: ../../../Pictures/Proyecto/fma.jpg  used on input line
 191.
(pdftex.def)             Requested size: 293.09427pt x 172.64456pt.


LaTeX Warning: `h' float specifier changed to `ht'.

[13 <../../../Pictures/Proyecto/Isometrico.PNG>]
<../../../Pictures/Proyecto/BaseEnsamble.PNG, id=74, 829.59938pt x 414.79968pt>

File: ../../../Pictures/Proyecto/BaseEnsamble.PNG Graphic file (type png)
<use ../../../Pictures/Proyecto/BaseEnsamble.PNG>
Package pdftex.def Info: ../../../Pictures/Proyecto/BaseEnsamble.PNG  used on i
nput line 200.
(pdftex.def)             Requested size: 165.91693pt x 82.95847pt.
<../../../Pictures/Proyecto/Armado.PNG, id=75, 832.61063pt x 414.04688pt>
File: ../../../Pictures/Proyecto/Armado.PNG Graphic file (type png)
<use ../../../Pictures/Proyecto/Armado.PNG>
Package pdftex.def Info: ../../../Pictures/Proyecto/Armado.PNG  used on input l
ine 201.
(pdftex.def)             Requested size: 166.51917pt x 82.80789pt.

Underfull \hbox (badness 10000) in paragraph at lines 206--207

 []

[14 <../../../Pictures/Proyecto/fma.jpg> <../../../Pictures/Proyecto/BaseEnsamb
le.PNG> <../../../Pictures/Proyecto/Armado.PNG>]
Underfull \hbox (badness 10000) in paragraph at lines 208--209

 []

<../../../Pictures/Proyecto/Completo.PNG, id=81, 828.84656pt x 413.29407pt>
File: ../../../Pictures/Proyecto/Completo.PNG Graphic file (type png)
<use ../../../Pictures/Proyecto/Completo.PNG>
Package pdftex.def Info: ../../../Pictures/Proyecto/Completo.PNG  used on input
 line 214.
(pdftex.def)             Requested size: 165.76637pt x 82.65733pt.
[15 <../../../Pictures/Proyecto/Completo.PNG>]
<../../../Pictures/Proyecto/Entorno.PNG, id=87, 522.45187pt x 78.2925pt>
File: ../../../Pictures/Proyecto/Entorno.PNG Graphic file (type png)
<use ../../../Pictures/Proyecto/Entorno.PNG>
Package pdftex.def Info: ../../../Pictures/Proyecto/Entorno.PNG  used on input 
line 228.
(pdftex.def)             Requested size: 261.2253pt x 39.14615pt.

Underfull \hbox (badness 10000) in paragraph at lines 233--234

 []

<../../../Pictures/Proyecto/AplicacionFuerzas.PNG, id=88, 274.02374pt x 243.911
25pt>
File: ../../../Pictures/Proyecto/AplicacionFuerzas.PNG Graphic file (type png)
<use ../../../Pictures/Proyecto/AplicacionFuerzas.PNG>
Package pdftex.def Info: ../../../Pictures/Proyecto/AplicacionFuerzas.PNG  used
 on input line 237.
(pdftex.def)             Requested size: 164.41551pt x 146.34787pt.

Underfull \hbox (badness 10000) in paragraph at lines 242--243

 []

[16 <../../../Pictures/Proyecto/Entorno.PNG> <../../../Pictures/Proyecto/Aplica
cionFuerzas.PNG>]
<../../../Pictures/Proyecto/2.PNG, id=94, 335.00156pt x 57.21375pt>
File: ../../../Pictures/Proyecto/2.PNG Graphic file (type png)
<use ../../../Pictures/Proyecto/2.PNG>
Package pdftex.def Info: ../../../Pictures/Proyecto/2.PNG  used on input line 2
48.
(pdftex.def)             Requested size: 167.50037pt x 28.6068pt.

Underfull \hbox (badness 10000) in paragraph at lines 254--255

 []

<../../../Pictures/Proyecto/Tension.PNG, id=95, 829.59938pt x 412.54124pt>
File: ../../../Pictures/Proyecto/Tension.PNG Graphic file (type png)
<use ../../../Pictures/Proyecto/Tension.PNG>
Package pdftex.def Info: ../../../Pictures/Proyecto/Tension.PNG  used on input 
line 261.
(pdftex.def)             Requested size: 248.88173pt x 123.76332pt.

LaTeX Warning: `h' float specifier changed to `ht'.

<../../../Pictures/Proyecto/Tension1.PNG, id=96, 207.77625pt x 141.52875pt>
File: ../../../Pictures/Proyecto/Tension1.PNG Graphic file (type png)
<use ../../../Pictures/Proyecto/Tension1.PNG>
Package pdftex.def Info: ../../../Pictures/Proyecto/Tension1.PNG  used on input
 line 268.
(pdftex.def)             Requested size: 103.88786pt x 70.76419pt.

LaTeX Warning: `h' float specifier changed to `ht'.

[17 <../../../Pictures/Proyecto/2.PNG>]
<../../../Pictures/Proyecto/Desplazamiento.PNG, id=101, 204.01219pt x 154.32657
pt>
File: ../../../Pictures/Proyecto/Desplazamiento.PNG Graphic file (type png)
<use ../../../Pictures/Proyecto/Desplazamiento.PNG>
Package pdftex.def Info: ../../../Pictures/Proyecto/Desplazamiento.PNG  used on
 input line 277.
(pdftex.def)             Requested size: 102.00584pt x 77.16309pt.
<../../../Pictures/Proyecto/DesplazamientoTabla.PNG, id=102, 158.84344pt x 210.
7875pt>
File: ../../../Pictures/Proyecto/DesplazamientoTabla.PNG Graphic file (type png
)
<use ../../../Pictures/Proyecto/DesplazamientoTabla.PNG>
Package pdftex.def Info: ../../../Pictures/Proyecto/DesplazamientoTabla.PNG  us
ed on input line 278.
(pdftex.def)             Requested size: 79.42152pt x 105.3935pt.
<../../../Pictures/Proyecto/CoeficienteSeguridad.PNG, id=103, 166.37157pt x 218
.31563pt>
File: ../../../Pictures/Proyecto/CoeficienteSeguridad.PNG Graphic file (type pn
g)
<use ../../../Pictures/Proyecto/CoeficienteSeguridad.PNG>
Package pdftex.def Info: ../../../Pictures/Proyecto/CoeficienteSeguridad.PNG  u
sed on input line 287.
(pdftex.def)             Requested size: 83.18556pt x 109.15753pt.


LaTeX Warning: `h' float specifier changed to `ht'.

[18 <../../../Pictures/Proyecto/Tension.PNG> <../../../Pictures/Proyecto/Tensio
n1.PNG> <../../../Pictures/Proyecto/Desplazamiento.PNG> <../../../Pictures/Proy
ecto/DesplazamientoTabla.PNG>]
<../../../Pictures/Cinematica_robot.PNG, id=111, 319.94531pt x 90.3375pt>
File: ../../../Pictures/Cinematica_robot.PNG Graphic file (type png)
<use ../../../Pictures/Cinematica_robot.PNG>
Package pdftex.def Info: ../../../Pictures/Cinematica_robot.PNG  used on input 
line 307.
(pdftex.def)             Requested size: 319.94452pt x 90.33727pt.
 [19 <../../../Pictures/Proyecto/CoeficienteSeguridad.PNG>]
<../../../Pictures/Matriz1.PNG, id=117, 281.55188pt x 115.18031pt>
File: ../../../Pictures/Matriz1.PNG Graphic file (type png)
<use ../../../Pictures/Matriz1.PNG>
Package pdftex.def Info: ../../../Pictures/Matriz1.PNG  used on input line 317.

(pdftex.def)             Requested size: 281.55118pt x 115.18001pt.

Underfull \hbox (badness 10000) in paragraph at lines 324--325

 []


Underfull \hbox (badness 10000) in paragraph at lines 326--327

 []


Underfull \hbox (badness 10000) in paragraph at lines 328--329

 []


Underfull \hbox (badness 10000) in paragraph at lines 330--331

 []

[20 <../../../Pictures/Cinematica_robot.PNG> <../../../Pictures/Matriz1.PNG>]
Underfull \hbox (badness 10000) in paragraph at lines 332--333

 []


Underfull \hbox (badness 10000) in paragraph at lines 334--335

 []


Underfull \hbox (badness 10000) in paragraph at lines 336--337

 []


Underfull \hbox (badness 10000) in paragraph at lines 338--339

 []


Underfull \hbox (badness 10000) in paragraph at lines 340--341

 []


Underfull \hbox (badness 10000) in paragraph at lines 342--343

 []


Underfull \hbox (badness 10000) in paragraph at lines 345--346

 []


Underfull \hbox (badness 10000) in paragraph at lines 347--348

 []


Underfull \hbox (badness 10000) in paragraph at lines 349--350

 []


Underfull \hbox (badness 10000) in paragraph at lines 351--352

 []

[21] [22] ("Reporte final.aux"
LaTeX Info: Redefining \. on input line 6.
LaTeX Info: Redefining \% on input line 6.
) ) 
Here is how much of TeX's memory you used:
 3976 strings out of 492895
 58641 string characters out of 3123735
 137669 words of memory out of 3000000
 7796 multiletter control sequences out of 15000+200000
 12750 words of font info for 49 fonts, out of 3000000 for 9000
 1141 hyphenation exceptions out of 8191
 41i,8n,31p,910b,361s stack positions out of 5000i,500n,10000p,200000b,50000s
<C:/Users/juanm/AppData/Local/Programs/MiKTeX 2.9/fonts/type1/public/amsfont
s/cm/cmbx12.pfb><C:/Users/juanm/AppData/Local/Programs/MiKTeX 2.9/fonts/type1/p
ublic/amsfonts/cm/cmmi12.pfb><C:/Users/juanm/AppData/Local/Programs/MiKTeX 2.9/
fonts/type1/public/amsfonts/cm/cmmi8.pfb><C:/Users/juanm/AppData/Local/Programs
/MiKTeX 2.9/fonts/type1/public/amsfonts/cm/cmr12.pfb><C:/Users/juanm/AppData/Lo
cal/Programs/MiKTeX 2.9/fonts/type1/public/amsfonts/cm/cmr17.pfb><C:/Users/juan
m/AppData/Local/Programs/MiKTeX 2.9/fonts/type1/public/amsfonts/cm/cmr8.pfb><C:
/Users/juanm/AppData/Local/Programs/MiKTeX 2.9/fonts/type1/public/amsfonts/cm/c
msy10.pfb><C:/Users/juanm/AppData/Local/Programs/MiKTeX 2.9/fonts/type1/public/
amsfonts/cm/cmsy8.pfb><C:/Users/juanm/AppData/Local/Programs/MiKTeX 2.9/fonts/t
ype1/public/amsfonts/cm/cmti12.pfb>
Output written on "Reporte final.pdf" (22 pages, 3014588 bytes).
PDF statistics:
 161 PDF objects out of 1000 (max. 8388607)
 0 named destinations out of 1000 (max. 500000)
 141 words of extra memory for PDF output out of 10000 (max. 10000000)

